<?xml version="1.0" encoding="utf-8"?><testsuites name="pytest tests"><testsuite name="pytest" errors="0" failures="0" skipped="0" tests="43" time="9.638" timestamp="2026-04-21T21:33:11.080624+00:00" hostname="agent-env-033db8e0-7947-4bae-bc41-3ee0293d3c85"><testcase classname="backend.tests.backend_test.TestHealth" name="test_root" time="0.179" /><testcase classname="backend.tests.backend_test.TestAuth" name="test_register_and_cookies" time="0.357" /><testcase classname="backend.tests.backend_test.TestAuth" name="test_register_duplicate" time="0.484" /><testcase classname="backend.tests.backend_test.TestAuth" name="test_admin_login" time="0.341" /><testcase classname="backend.tests.backend_test.TestAuth" name="test_login_invalid" time="0.366" /><testcase classname="backend.tests.backend_test.TestAuth" name="test_me_with_cookie" time="0.416" /><testcase classname="backend.tests.backend_test.TestAuth" name="test_me_unauthenticated" time="0.124" /><testcase classname="backend.tests.backend_test.TestAuth" name="test_logout_clears_cookies" time="0.507" /><testcase classname="backend.tests.backend_test.TestAuth" name="test_google_session_missing_header" time="0.136" /><testcase classname="backend.tests.backend_test.TestAuth" name="test_google_session_fake_id" time="0.253" /><testcase classname="backend.tests.backend_test.TestAuthDependency" name="test_requires_auth[/auth/me-GET]" time="0.124" /><testcase classname="backend.tests.backend_test.TestAuthDependency" name="test_requires_auth[/profile-PATCH]" time="0.113" /><testcase classname="backend.tests.backend_test.TestAuthDependency" name="test_requires_auth[/forums/threads-POST]" time="0.115" /><testcase classname="backend.tests.backend_test.TestAuthDependency" name="test_requires_auth[/points/me-GET]" time="0.110" /><testcase classname="backend.tests.backend_test.TestAuthDependency" name="test_requires_auth[/points/daily-claim-POST]" time="0.133" /><testcase classname="backend.tests.backend_test.TestAuthDependency" name="test_requires_auth[/messages-POST]" time="0.111" /><testcase classname="backend.tests.backend_test.TestAuthDependency" name="test_requires_auth[/messages/conversations-GET]" time="0.142" /><testcase classname="backend.tests.backend_test.TestAuthDependency" name="test_requires_auth[/notifications-GET]" time="0.130" /><testcase classname="backend.tests.backend_test.TestAuthDependency" name="test_requires_auth[/admin/stats-GET]" time="0.134" /><testcase classname="backend.tests.backend_test.TestAuthDependency" name="test_requires_auth[/members-GET]" time="0.110" /><testcase classname="backend.tests.backend_test.TestRintakiFeed" name="test_feed" time="1.900" /><testcase classname="backend.tests.backend_test.TestForums" name="test_thread_flow" time="1.243" /><testcase classname="backend.tests.backend_test.TestForums" name="test_get_missing_thread" time="0.117" /><testcase classname="backend.tests.backend_test.TestPoints" name="test_points_me" time="0.050" /><testcase classname="backend.tests.backend_test.TestPoints" name="test_daily_claim" time="0.173" /><testcase classname="backend.tests.backend_test.TestPoints" name="test_leaderboard" time="0.131" /><testcase classname="backend.tests.backend_test.TestEvents" name="test_list_events_seeded" time="0.112" /><testcase classname="backend.tests.backend_test.TestEvents" name="test_create_event_member_forbidden" time="0.050" /><testcase classname="backend.tests.backend_test.TestEvents" name="test_create_event_admin_ok" time="0.077" /><testcase classname="backend.tests.backend_test.TestNewsletters" name="test_list_newsletters_seeded" time="0.116" /><testcase classname="backend.tests.backend_test.TestNewsletters" name="test_create_newsletter_member_forbidden" time="0.051" /><testcase classname="backend.tests.backend_test.TestNewsletters" name="test_create_newsletter_admin" time="0.071" /><testcase classname="backend.tests.backend_test.TestVideos" name="test_list_videos" time="0.143" /><testcase classname="backend.tests.backend_test.TestVideos" name="test_create_video_member_forbidden" time="0.048" /><testcase classname="backend.tests.backend_test.TestVideos" name="test_create_video_admin" time="0.071" /><testcase classname="backend.tests.backend_test.TestMessages" name="test_send_and_list" time="0.261" /><testcase classname="backend.tests.backend_test.TestMessages" name="test_cannot_message_self" time="0.050" /><testcase classname="backend.tests.backend_test.TestMessages" name="test_unknown_recipient" time="0.048" /><testcase classname="backend.tests.backend_test.TestNotifications" name="test_list_and_read_all" time="0.163" /><testcase classname="backend.tests.backend_test.TestProfile" name="test_update_profile" time="0.055" /><testcase classname="backend.tests.backend_test.TestMembers" name="test_list_members" time="0.055" /><testcase classname="backend.tests.backend_test.TestAdmin" name="test_stats_member_forbidden" time="0.056" /><testcase classname="backend.tests.backend_test.TestAdmin" name="test_stats_admin" time="0.077" /></testsuite></testsuites>